Analysis & Synthesis report for Farrow_Canonic
Wed Apr 24 13:54:17 2024
Quartus Prime Version 20.1.0 Build 711 06/05/2020 SJ Lite Edition


---------------------
; Table of Contents ;
---------------------
  1. Legal Notice
  2. Analysis & Synthesis Summary
  3. Analysis & Synthesis Settings
  4. Parallel Compilation
  5. Analysis & Synthesis Source Files Read
  6. Analysis & Synthesis Resource Usage Summary
  7. Analysis & Synthesis Resource Utilization by Entity
  8. Analysis & Synthesis DSP Block Usage Summary
  9. Registers Removed During Synthesis
 10. General Register Statistics
 11. Multiplexer Restructuring Statistics (Restructuring Performed)
 12. Parameter Settings for Inferred Entity Instance: lpm_mult:Mult3
 13. Parameter Settings for Inferred Entity Instance: lpm_mult:Mult2
 14. Parameter Settings for Inferred Entity Instance: lpm_mult:Mult4
 15. Parameter Settings for Inferred Entity Instance: lpm_mult:Mult5
 16. Parameter Settings for Inferred Entity Instance: lpm_mult:Mult0
 17. Parameter Settings for Inferred Entity Instance: lpm_mult:Mult6
 18. lpm_mult Parameter Settings by Entity Instance
 19. Post-Synthesis Netlist Statistics for Top Partition
 20. Elapsed Time Per Partition
 21. Analysis & Synthesis Messages
 22. Analysis & Synthesis Suppressed Messages



----------------
; Legal Notice ;
----------------
Copyright (C) 2020  Intel Corporation. All rights reserved.
Your use of Intel Corporation's design tools, logic functions 
and other software and tools, and any partner logic 
functions, and any output files from any of the foregoing 
(including device programming or simulation files), and any 
associated documentation or information are expressly subject 
to the terms and conditions of the Intel Program License 
Subscription Agreement, the Intel Quartus Prime License Agreement,
the Intel FPGA IP License Agreement, or other applicable license
agreement, including, without limitation, that your use is for
the sole purpose of programming logic devices manufactured by
Intel and sold by Intel or its authorized distributors.  Please
refer to the applicable agreement for further details, at
https://fpgasoftware.intel.com/eula.



+---------------------------------------------------------------------------------+
; Analysis & Synthesis Summary                                                    ;
+-----------------------------------+---------------------------------------------+
; Analysis & Synthesis Status       ; Successful - Wed Apr 24 13:54:17 2024       ;
; Quartus Prime Version             ; 20.1.0 Build 711 06/05/2020 SJ Lite Edition ;
; Revision Name                     ; Farrow_Canonic                              ;
; Top-level Entity Name             ; Farrow_Canonic                              ;
; Family                            ; Arria II GX                                 ;
; Logic utilization                 ; N/A                                         ;
;     Combinational ALUTs           ; 724                                         ;
;     Memory ALUTs                  ; 0                                           ;
;     Dedicated logic registers     ; 92                                          ;
; Total registers                   ; 92                                          ;
; Total pins                        ; 48                                          ;
; Total virtual pins                ; 0                                           ;
; Total block memory bits           ; 0                                           ;
; DSP block 18-bit elements         ; 12                                          ;
; Total GXB Receiver Channel PCS    ; 0                                           ;
; Total GXB Receiver Channel PMA    ; 0                                           ;
; Total GXB Transmitter Channel PCS ; 0                                           ;
; Total GXB Transmitter Channel PMA ; 0                                           ;
; Total PLLs                        ; 0                                           ;
; Total DLLs                        ; 0                                           ;
+-----------------------------------+---------------------------------------------+


+---------------------------------------------------------------------------------------------------------------------------+
; Analysis & Synthesis Settings                                                                                             ;
+---------------------------------------------------------------------------------+--------------------+--------------------+
; Option                                                                          ; Setting            ; Default Value      ;
+---------------------------------------------------------------------------------+--------------------+--------------------+
; Device                                                                          ; EP2AGX45DF29I5     ;                    ;
; Top-level entity name                                                           ; Farrow_Canonic     ; Farrow_Canonic     ;
; Family name                                                                     ; Arria II GX        ; Cyclone V          ;
; Use smart compilation                                                           ; Off                ; Off                ;
; Enable parallel Assembler and Timing Analyzer during compilation                ; On                 ; On                 ;
; Enable compact report table                                                     ; Off                ; Off                ;
; Restructure Multiplexers                                                        ; Auto               ; Auto               ;
; MLAB Add Timing Constraints For Mixed-Port Feed-Through Mode Setting Don't Care ; Off                ; Off                ;
; Create Debugging Nodes for IP Cores                                             ; Off                ; Off                ;
; Preserve fewer node names                                                       ; On                 ; On                 ;
; Intel FPGA IP Evaluation Mode                                                   ; Enable             ; Enable             ;
; Verilog Version                                                                 ; Verilog_2001       ; Verilog_2001       ;
; VHDL Version                                                                    ; VHDL_1993          ; VHDL_1993          ;
; State Machine Processing                                                        ; Auto               ; Auto               ;
; Safe State Machine                                                              ; Off                ; Off                ;
; Extract Verilog State Machines                                                  ; On                 ; On                 ;
; Extract VHDL State Machines                                                     ; On                 ; On                 ;
; Ignore Verilog initial constructs                                               ; Off                ; Off                ;
; Iteration limit for constant Verilog loops                                      ; 5000               ; 5000               ;
; Iteration limit for non-constant Verilog loops                                  ; 250                ; 250                ;
; Add Pass-Through Logic to Inferred RAMs                                         ; On                 ; On                 ;
; Infer RAMs from Raw Logic                                                       ; On                 ; On                 ;
; Parallel Synthesis                                                              ; On                 ; On                 ;
; DSP Block Balancing                                                             ; Auto               ; Auto               ;
; NOT Gate Push-Back                                                              ; On                 ; On                 ;
; Power-Up Don't Care                                                             ; On                 ; On                 ;
; Remove Redundant Logic Cells                                                    ; Off                ; Off                ;
; Remove Duplicate Registers                                                      ; On                 ; On                 ;
; Ignore CARRY Buffers                                                            ; Off                ; Off                ;
; Ignore CASCADE Buffers                                                          ; Off                ; Off                ;
; Ignore GLOBAL Buffers                                                           ; Off                ; Off                ;
; Ignore ROW GLOBAL Buffers                                                       ; Off                ; Off                ;
; Ignore LCELL Buffers                                                            ; Off                ; Off                ;
; Ignore SOFT Buffers                                                             ; On                 ; On                 ;
; Limit AHDL Integers to 32 Bits                                                  ; Off                ; Off                ;
; Optimization Technique                                                          ; Balanced           ; Balanced           ;
; Carry Chain Length                                                              ; 70                 ; 70                 ;
; Auto Carry Chains                                                               ; On                 ; On                 ;
; Auto Open-Drain Pins                                                            ; On                 ; On                 ;
; Perform WYSIWYG Primitive Resynthesis                                           ; Off                ; Off                ;
; Auto ROM Replacement                                                            ; On                 ; On                 ;
; Auto RAM Replacement                                                            ; On                 ; On                 ;
; Auto DSP Block Replacement                                                      ; On                 ; On                 ;
; Auto Shift Register Replacement                                                 ; Auto               ; Auto               ;
; Allow Shift Register Merging across Hierarchies                                 ; Auto               ; Auto               ;
; Auto Clock Enable Replacement                                                   ; On                 ; On                 ;
; Strict RAM Replacement                                                          ; Off                ; Off                ;
; Allow Synchronous Control Signals                                               ; On                 ; On                 ;
; Force Use of Synchronous Clear Signals                                          ; Off                ; Off                ;
; Auto RAM Block Balancing                                                        ; On                 ; On                 ;
; Auto RAM to Logic Cell Conversion                                               ; Off                ; Off                ;
; Auto Resource Sharing                                                           ; Off                ; Off                ;
; Allow Any RAM Size For Recognition                                              ; Off                ; Off                ;
; Allow Any ROM Size For Recognition                                              ; Off                ; Off                ;
; Allow Any Shift Register Size For Recognition                                   ; Off                ; Off                ;
; Use LogicLock Constraints during Resource Balancing                             ; On                 ; On                 ;
; Ignore translate_off and synthesis_off directives                               ; Off                ; Off                ;
; Timing-Driven Synthesis                                                         ; On                 ; On                 ;
; Report Parameter Settings                                                       ; On                 ; On                 ;
; Report Source Assignments                                                       ; On                 ; On                 ;
; Report Connectivity Checks                                                      ; On                 ; On                 ;
; Ignore Maximum Fan-Out Assignments                                              ; Off                ; Off                ;
; Synchronization Register Chain Length                                           ; 3                  ; 3                  ;
; Power Optimization During Synthesis                                             ; Normal compilation ; Normal compilation ;
; HDL message level                                                               ; Level2             ; Level2             ;
; Suppress Register Optimization Related Messages                                 ; Off                ; Off                ;
; Number of Removed Registers Reported in Synthesis Report                        ; 5000               ; 5000               ;
; Number of Swept Nodes Reported in Synthesis Report                              ; 5000               ; 5000               ;
; Number of Inverted Registers Reported in Synthesis Report                       ; 100                ; 100                ;
; Clock MUX Protection                                                            ; On                 ; On                 ;
; Auto Gated Clock Conversion                                                     ; Off                ; Off                ;
; Block Design Naming                                                             ; Auto               ; Auto               ;
; SDC constraint protection                                                       ; Off                ; Off                ;
; Synthesis Effort                                                                ; Auto               ; Auto               ;
; Shift Register Replacement - Allow Asynchronous Clear Signal                    ; On                 ; On                 ;
; Pre-Mapping Resynthesis Optimization                                            ; Off                ; Off                ;
; Analysis & Synthesis Message Level                                              ; Medium             ; Medium             ;
; Disable Register Merging Across Hierarchies                                     ; Auto               ; Auto               ;
; Resource Aware Inference For Block RAM                                          ; On                 ; On                 ;
+---------------------------------------------------------------------------------+--------------------+--------------------+


+------------------------------------------+
; Parallel Compilation                     ;
+----------------------------+-------------+
; Processors                 ; Number      ;
+----------------------------+-------------+
; Number detected on machine ; 8           ;
; Maximum allowed            ; 4           ;
;                            ;             ;
; Average used               ; 1.00        ;
; Maximum used               ; 4           ;
;                            ;             ;
; Usage by Processor         ; % Time Used ;
;     Processor 1            ; 100.0%      ;
;     Processor 2            ;   0.0%      ;
;     Processor 3            ;   0.0%      ;
;     Processor 4            ;   0.0%      ;
+----------------------------+-------------+


+-------------------------------------------------------------------------------------------------------------------------------------------------------------------------------------+
; Analysis & Synthesis Source Files Read                                                                                                                                              ;
+----------------------------------+-----------------+------------------------------+---------------------------------------------------------------------------------------+---------+
; File Name with User-Entered Path ; Used in Netlist ; File Type                    ; File Name with Absolute Path                                                          ; Library ;
+----------------------------------+-----------------+------------------------------+---------------------------------------------------------------------------------------+---------+
; Farrow_Canonic.sv                ; yes             ; User SystemVerilog HDL File  ; C:/Users/duong/Desktop/UCSD/Grad/Spring 2024/ECE 260C/Lab2/hdl_gen/Farrow_Canonic.sv  ;         ;
; lpm_mult.tdf                     ; yes             ; Megafunction                 ; c:/intelfpga_lite/20.1/quartus/libraries/megafunctions/lpm_mult.tdf                   ;         ;
; aglobal201.inc                   ; yes             ; Megafunction                 ; c:/intelfpga_lite/20.1/quartus/libraries/megafunctions/aglobal201.inc                 ;         ;
; lpm_add_sub.inc                  ; yes             ; Megafunction                 ; c:/intelfpga_lite/20.1/quartus/libraries/megafunctions/lpm_add_sub.inc                ;         ;
; multcore.inc                     ; yes             ; Megafunction                 ; c:/intelfpga_lite/20.1/quartus/libraries/megafunctions/multcore.inc                   ;         ;
; bypassff.inc                     ; yes             ; Megafunction                 ; c:/intelfpga_lite/20.1/quartus/libraries/megafunctions/bypassff.inc                   ;         ;
; altshift.inc                     ; yes             ; Megafunction                 ; c:/intelfpga_lite/20.1/quartus/libraries/megafunctions/altshift.inc                   ;         ;
; multcore.tdf                     ; yes             ; Megafunction                 ; c:/intelfpga_lite/20.1/quartus/libraries/megafunctions/multcore.tdf                   ;         ;
; csa_add.inc                      ; yes             ; Megafunction                 ; c:/intelfpga_lite/20.1/quartus/libraries/megafunctions/csa_add.inc                    ;         ;
; mpar_add.inc                     ; yes             ; Megafunction                 ; c:/intelfpga_lite/20.1/quartus/libraries/megafunctions/mpar_add.inc                   ;         ;
; muleabz.inc                      ; yes             ; Megafunction                 ; c:/intelfpga_lite/20.1/quartus/libraries/megafunctions/muleabz.inc                    ;         ;
; mul_lfrg.inc                     ; yes             ; Megafunction                 ; c:/intelfpga_lite/20.1/quartus/libraries/megafunctions/mul_lfrg.inc                   ;         ;
; mul_boothc.inc                   ; yes             ; Megafunction                 ; c:/intelfpga_lite/20.1/quartus/libraries/megafunctions/mul_boothc.inc                 ;         ;
; alt_ded_mult.inc                 ; yes             ; Megafunction                 ; c:/intelfpga_lite/20.1/quartus/libraries/megafunctions/alt_ded_mult.inc               ;         ;
; alt_ded_mult_y.inc               ; yes             ; Megafunction                 ; c:/intelfpga_lite/20.1/quartus/libraries/megafunctions/alt_ded_mult_y.inc             ;         ;
; dffpipe.inc                      ; yes             ; Megafunction                 ; c:/intelfpga_lite/20.1/quartus/libraries/megafunctions/dffpipe.inc                    ;         ;
; mpar_add.tdf                     ; yes             ; Megafunction                 ; c:/intelfpga_lite/20.1/quartus/libraries/megafunctions/mpar_add.tdf                   ;         ;
; lpm_add_sub.tdf                  ; yes             ; Megafunction                 ; c:/intelfpga_lite/20.1/quartus/libraries/megafunctions/lpm_add_sub.tdf                ;         ;
; addcore.inc                      ; yes             ; Megafunction                 ; c:/intelfpga_lite/20.1/quartus/libraries/megafunctions/addcore.inc                    ;         ;
; look_add.inc                     ; yes             ; Megafunction                 ; c:/intelfpga_lite/20.1/quartus/libraries/megafunctions/look_add.inc                   ;         ;
; alt_stratix_add_sub.inc          ; yes             ; Megafunction                 ; c:/intelfpga_lite/20.1/quartus/libraries/megafunctions/alt_stratix_add_sub.inc        ;         ;
; db/add_sub_qgh.tdf               ; yes             ; Auto-Generated Megafunction  ; C:/Users/duong/Desktop/UCSD/Grad/Spring 2024/ECE 260C/Lab2/hdl_gen/db/add_sub_qgh.tdf ;         ;
; db/add_sub_06h.tdf               ; yes             ; Auto-Generated Megafunction  ; C:/Users/duong/Desktop/UCSD/Grad/Spring 2024/ECE 260C/Lab2/hdl_gen/db/add_sub_06h.tdf ;         ;
; db/add_sub_ugh.tdf               ; yes             ; Auto-Generated Megafunction  ; C:/Users/duong/Desktop/UCSD/Grad/Spring 2024/ECE 260C/Lab2/hdl_gen/db/add_sub_ugh.tdf ;         ;
; altshift.tdf                     ; yes             ; Megafunction                 ; c:/intelfpga_lite/20.1/quartus/libraries/megafunctions/altshift.tdf                   ;         ;
; db/mult_j2t.tdf                  ; yes             ; Auto-Generated Megafunction  ; C:/Users/duong/Desktop/UCSD/Grad/Spring 2024/ECE 260C/Lab2/hdl_gen/db/mult_j2t.tdf    ;         ;
+----------------------------------+-----------------+------------------------------+---------------------------------------------------------------------------------------+---------+


+-------------------------------------------------------------+
; Analysis & Synthesis Resource Usage Summary                 ;
+-----------------------------------------------+-------------+
; Resource                                      ; Usage       ;
+-----------------------------------------------+-------------+
; Estimated ALUTs Used                          ; 724         ;
;     -- Combinational ALUTs                    ; 724         ;
;     -- Memory ALUTs                           ; 0           ;
;     -- LUT_REGs                               ; 0           ;
; Dedicated logic registers                     ; 92          ;
;                                               ;             ;
; Estimated ALUTs Unavailable                   ; 0           ;
;     -- Due to unpartnered combinational logic ; 0           ;
;     -- Due to Memory ALUTs                    ; 0           ;
;                                               ;             ;
; Total combinational functions                 ; 724         ;
; Combinational ALUT usage by number of inputs  ;             ;
;     -- 7 input functions                      ; 0           ;
;     -- 6 input functions                      ; 1           ;
;     -- 5 input functions                      ; 7           ;
;     -- 4 input functions                      ; 80          ;
;     -- <=3 input functions                    ; 636         ;
;                                               ;             ;
; Combinational ALUTs by mode                   ;             ;
;     -- normal mode                            ; 103         ;
;     -- extended LUT mode                      ; 0           ;
;     -- arithmetic mode                        ; 561         ;
;     -- shared arithmetic mode                 ; 60          ;
;                                               ;             ;
; Estimated ALUT/register pairs used            ; 750         ;
;                                               ;             ;
; Total registers                               ; 92          ;
;     -- Dedicated logic registers              ; 92          ;
;     -- I/O registers                          ; 0           ;
;     -- LUT_REGs                               ; 0           ;
;                                               ;             ;
;                                               ;             ;
; I/O pins                                      ; 48          ;
;                                               ;             ;
; DSP block 18-bit elements                     ; 12          ;
;                                               ;             ;
; Maximum fan-out node                          ; reset~input ;
; Maximum fan-out                               ; 93          ;
; Total fan-out                                 ; 2669        ;
; Average fan-out                               ; 2.88        ;
+-----------------------------------------------+-------------+


+-----------------------------------------------------------------------------------------------------------------------------------------------------------------------------------------------------------------------------------------------------------------------------------------------------------------------------------------------------------------------------------------+
; Analysis & Synthesis Resource Utilization by Entity                                                                                                                                                                                                                                                                                                                                     ;
+------------------------------------------------+---------------------+---------------------------+-------------------+---------------------+---------+-----------+-----------+-----------+------+--------------+----------------------------------------------------------------------------------------------------------------------------------------+----------------+--------------+
; Compilation Hierarchy Node                     ; Combinational ALUTs ; Dedicated Logic Registers ; Block Memory Bits ; DSP 18-bit Elements ; DSP 9x9 ; DSP 12x12 ; DSP 18x18 ; DSP 36x36 ; Pins ; Virtual Pins ; Full Hierarchy Name                                                                                                                    ; Entity Name    ; Library Name ;
+------------------------------------------------+---------------------+---------------------------+-------------------+---------------------+---------+-----------+-----------+-----------+------+--------------+----------------------------------------------------------------------------------------------------------------------------------------+----------------+--------------+
; |Farrow_Canonic                                ; 724 (445)           ; 92 (92)                   ; 0                 ; 12                  ; 0       ; 0         ; 0         ; 3         ; 48   ; 0            ; |Farrow_Canonic                                                                                                                        ; Farrow_Canonic ; work         ;
;    |lpm_mult:Mult0|                            ; 95 (0)              ; 0 (0)                     ; 0                 ; 0                   ; 0       ; 0         ; 0         ; 0         ; 0    ; 0            ; |Farrow_Canonic|lpm_mult:Mult0                                                                                                         ; lpm_mult       ; work         ;
;       |multcore:mult_core|                     ; 95 (31)             ; 0 (0)                     ; 0                 ; 0                   ; 0       ; 0         ; 0         ; 0         ; 0    ; 0            ; |Farrow_Canonic|lpm_mult:Mult0|multcore:mult_core                                                                                      ; multcore       ; work         ;
;          |mpar_add:padder|                     ; 64 (0)              ; 0 (0)                     ; 0                 ; 0                   ; 0       ; 0         ; 0         ; 0         ; 0    ; 0            ; |Farrow_Canonic|lpm_mult:Mult0|multcore:mult_core|mpar_add:padder                                                                      ; mpar_add       ; work         ;
;             |lpm_add_sub:adder[0]|             ; 20 (0)              ; 0 (0)                     ; 0                 ; 0                   ; 0       ; 0         ; 0         ; 0         ; 0    ; 0            ; |Farrow_Canonic|lpm_mult:Mult0|multcore:mult_core|mpar_add:padder|lpm_add_sub:adder[0]                                                 ; lpm_add_sub    ; work         ;
;                |add_sub_06h:auto_generated|    ; 20 (20)             ; 0 (0)                     ; 0                 ; 0                   ; 0       ; 0         ; 0         ; 0         ; 0    ; 0            ; |Farrow_Canonic|lpm_mult:Mult0|multcore:mult_core|mpar_add:padder|lpm_add_sub:adder[0]|add_sub_06h:auto_generated                      ; add_sub_06h    ; work         ;
;             |lpm_add_sub:adder[1]|             ; 20 (0)              ; 0 (0)                     ; 0                 ; 0                   ; 0       ; 0         ; 0         ; 0         ; 0    ; 0            ; |Farrow_Canonic|lpm_mult:Mult0|multcore:mult_core|mpar_add:padder|lpm_add_sub:adder[1]                                                 ; lpm_add_sub    ; work         ;
;                |add_sub_qgh:auto_generated|    ; 20 (20)             ; 0 (0)                     ; 0                 ; 0                   ; 0       ; 0         ; 0         ; 0         ; 0    ; 0            ; |Farrow_Canonic|lpm_mult:Mult0|multcore:mult_core|mpar_add:padder|lpm_add_sub:adder[1]|add_sub_qgh:auto_generated                      ; add_sub_qgh    ; work         ;
;             |mpar_add:sub_par_add|             ; 24 (0)              ; 0 (0)                     ; 0                 ; 0                   ; 0       ; 0         ; 0         ; 0         ; 0    ; 0            ; |Farrow_Canonic|lpm_mult:Mult0|multcore:mult_core|mpar_add:padder|mpar_add:sub_par_add                                                 ; mpar_add       ; work         ;
;                |lpm_add_sub:adder[0]|          ; 24 (0)              ; 0 (0)                     ; 0                 ; 0                   ; 0       ; 0         ; 0         ; 0         ; 0    ; 0            ; |Farrow_Canonic|lpm_mult:Mult0|multcore:mult_core|mpar_add:padder|mpar_add:sub_par_add|lpm_add_sub:adder[0]                            ; lpm_add_sub    ; work         ;
;                   |add_sub_ugh:auto_generated| ; 24 (24)             ; 0 (0)                     ; 0                 ; 0                   ; 0       ; 0         ; 0         ; 0         ; 0    ; 0            ; |Farrow_Canonic|lpm_mult:Mult0|multcore:mult_core|mpar_add:padder|mpar_add:sub_par_add|lpm_add_sub:adder[0]|add_sub_ugh:auto_generated ; add_sub_ugh    ; work         ;
;    |lpm_mult:Mult2|                            ; 89 (0)              ; 0 (0)                     ; 0                 ; 0                   ; 0       ; 0         ; 0         ; 0         ; 0    ; 0            ; |Farrow_Canonic|lpm_mult:Mult2                                                                                                         ; lpm_mult       ; work         ;
;       |multcore:mult_core|                     ; 89 (25)             ; 0 (0)                     ; 0                 ; 0                   ; 0       ; 0         ; 0         ; 0         ; 0    ; 0            ; |Farrow_Canonic|lpm_mult:Mult2|multcore:mult_core                                                                                      ; multcore       ; work         ;
;          |mpar_add:padder|                     ; 64 (0)              ; 0 (0)                     ; 0                 ; 0                   ; 0       ; 0         ; 0         ; 0         ; 0    ; 0            ; |Farrow_Canonic|lpm_mult:Mult2|multcore:mult_core|mpar_add:padder                                                                      ; mpar_add       ; work         ;
;             |lpm_add_sub:adder[0]|             ; 20 (0)              ; 0 (0)                     ; 0                 ; 0                   ; 0       ; 0         ; 0         ; 0         ; 0    ; 0            ; |Farrow_Canonic|lpm_mult:Mult2|multcore:mult_core|mpar_add:padder|lpm_add_sub:adder[0]                                                 ; lpm_add_sub    ; work         ;
;                |add_sub_06h:auto_generated|    ; 20 (20)             ; 0 (0)                     ; 0                 ; 0                   ; 0       ; 0         ; 0         ; 0         ; 0    ; 0            ; |Farrow_Canonic|lpm_mult:Mult2|multcore:mult_core|mpar_add:padder|lpm_add_sub:adder[0]|add_sub_06h:auto_generated                      ; add_sub_06h    ; work         ;
;             |lpm_add_sub:adder[1]|             ; 20 (0)              ; 0 (0)                     ; 0                 ; 0                   ; 0       ; 0         ; 0         ; 0         ; 0    ; 0            ; |Farrow_Canonic|lpm_mult:Mult2|multcore:mult_core|mpar_add:padder|lpm_add_sub:adder[1]                                                 ; lpm_add_sub    ; work         ;
;                |add_sub_qgh:auto_generated|    ; 20 (20)             ; 0 (0)                     ; 0                 ; 0                   ; 0       ; 0         ; 0         ; 0         ; 0    ; 0            ; |Farrow_Canonic|lpm_mult:Mult2|multcore:mult_core|mpar_add:padder|lpm_add_sub:adder[1]|add_sub_qgh:auto_generated                      ; add_sub_qgh    ; work         ;
;             |mpar_add:sub_par_add|             ; 24 (0)              ; 0 (0)                     ; 0                 ; 0                   ; 0       ; 0         ; 0         ; 0         ; 0    ; 0            ; |Farrow_Canonic|lpm_mult:Mult2|multcore:mult_core|mpar_add:padder|mpar_add:sub_par_add                                                 ; mpar_add       ; work         ;
;                |lpm_add_sub:adder[0]|          ; 24 (0)              ; 0 (0)                     ; 0                 ; 0                   ; 0       ; 0         ; 0         ; 0         ; 0    ; 0            ; |Farrow_Canonic|lpm_mult:Mult2|multcore:mult_core|mpar_add:padder|mpar_add:sub_par_add|lpm_add_sub:adder[0]                            ; lpm_add_sub    ; work         ;
;                   |add_sub_ugh:auto_generated| ; 24 (24)             ; 0 (0)                     ; 0                 ; 0                   ; 0       ; 0         ; 0         ; 0         ; 0    ; 0            ; |Farrow_Canonic|lpm_mult:Mult2|multcore:mult_core|mpar_add:padder|mpar_add:sub_par_add|lpm_add_sub:adder[0]|add_sub_ugh:auto_generated ; add_sub_ugh    ; work         ;
;    |lpm_mult:Mult3|                            ; 95 (0)              ; 0 (0)                     ; 0                 ; 0                   ; 0       ; 0         ; 0         ; 0         ; 0    ; 0            ; |Farrow_Canonic|lpm_mult:Mult3                                                                                                         ; lpm_mult       ; work         ;
;       |multcore:mult_core|                     ; 95 (31)             ; 0 (0)                     ; 0                 ; 0                   ; 0       ; 0         ; 0         ; 0         ; 0    ; 0            ; |Farrow_Canonic|lpm_mult:Mult3|multcore:mult_core                                                                                      ; multcore       ; work         ;
;          |mpar_add:padder|                     ; 64 (0)              ; 0 (0)                     ; 0                 ; 0                   ; 0       ; 0         ; 0         ; 0         ; 0    ; 0            ; |Farrow_Canonic|lpm_mult:Mult3|multcore:mult_core|mpar_add:padder                                                                      ; mpar_add       ; work         ;
;             |lpm_add_sub:adder[0]|             ; 20 (0)              ; 0 (0)                     ; 0                 ; 0                   ; 0       ; 0         ; 0         ; 0         ; 0    ; 0            ; |Farrow_Canonic|lpm_mult:Mult3|multcore:mult_core|mpar_add:padder|lpm_add_sub:adder[0]                                                 ; lpm_add_sub    ; work         ;
;                |add_sub_06h:auto_generated|    ; 20 (20)             ; 0 (0)                     ; 0                 ; 0                   ; 0       ; 0         ; 0         ; 0         ; 0    ; 0            ; |Farrow_Canonic|lpm_mult:Mult3|multcore:mult_core|mpar_add:padder|lpm_add_sub:adder[0]|add_sub_06h:auto_generated                      ; add_sub_06h    ; work         ;
;             |lpm_add_sub:adder[1]|             ; 20 (0)              ; 0 (0)                     ; 0                 ; 0                   ; 0       ; 0         ; 0         ; 0         ; 0    ; 0            ; |Farrow_Canonic|lpm_mult:Mult3|multcore:mult_core|mpar_add:padder|lpm_add_sub:adder[1]                                                 ; lpm_add_sub    ; work         ;
;                |add_sub_qgh:auto_generated|    ; 20 (20)             ; 0 (0)                     ; 0                 ; 0                   ; 0       ; 0         ; 0         ; 0         ; 0    ; 0            ; |Farrow_Canonic|lpm_mult:Mult3|multcore:mult_core|mpar_add:padder|lpm_add_sub:adder[1]|add_sub_qgh:auto_generated                      ; add_sub_qgh    ; work         ;
;             |mpar_add:sub_par_add|             ; 24 (0)              ; 0 (0)                     ; 0                 ; 0                   ; 0       ; 0         ; 0         ; 0         ; 0    ; 0            ; |Farrow_Canonic|lpm_mult:Mult3|multcore:mult_core|mpar_add:padder|mpar_add:sub_par_add                                                 ; mpar_add       ; work         ;
;                |lpm_add_sub:adder[0]|          ; 24 (0)              ; 0 (0)                     ; 0                 ; 0                   ; 0       ; 0         ; 0         ; 0         ; 0    ; 0            ; |Farrow_Canonic|lpm_mult:Mult3|multcore:mult_core|mpar_add:padder|mpar_add:sub_par_add|lpm_add_sub:adder[0]                            ; lpm_add_sub    ; work         ;
;                   |add_sub_ugh:auto_generated| ; 24 (24)             ; 0 (0)                     ; 0                 ; 0                   ; 0       ; 0         ; 0         ; 0         ; 0    ; 0            ; |Farrow_Canonic|lpm_mult:Mult3|multcore:mult_core|mpar_add:padder|mpar_add:sub_par_add|lpm_add_sub:adder[0]|add_sub_ugh:auto_generated ; add_sub_ugh    ; work         ;
;    |lpm_mult:Mult4|                            ; 0 (0)               ; 0 (0)                     ; 0                 ; 4                   ; 0       ; 0         ; 0         ; 1         ; 0    ; 0            ; |Farrow_Canonic|lpm_mult:Mult4                                                                                                         ; lpm_mult       ; work         ;
;       |mult_j2t:auto_generated|                ; 0 (0)               ; 0 (0)                     ; 0                 ; 4                   ; 0       ; 0         ; 0         ; 1         ; 0    ; 0            ; |Farrow_Canonic|lpm_mult:Mult4|mult_j2t:auto_generated                                                                                 ; mult_j2t       ; work         ;
;    |lpm_mult:Mult5|                            ; 0 (0)               ; 0 (0)                     ; 0                 ; 4                   ; 0       ; 0         ; 0         ; 1         ; 0    ; 0            ; |Farrow_Canonic|lpm_mult:Mult5                                                                                                         ; lpm_mult       ; work         ;
;       |mult_j2t:auto_generated|                ; 0 (0)               ; 0 (0)                     ; 0                 ; 4                   ; 0       ; 0         ; 0         ; 1         ; 0    ; 0            ; |Farrow_Canonic|lpm_mult:Mult5|mult_j2t:auto_generated                                                                                 ; mult_j2t       ; work         ;
;    |lpm_mult:Mult6|                            ; 0 (0)               ; 0 (0)                     ; 0                 ; 4                   ; 0       ; 0         ; 0         ; 1         ; 0    ; 0            ; |Farrow_Canonic|lpm_mult:Mult6                                                                                                         ; lpm_mult       ; work         ;
;       |mult_j2t:auto_generated|                ; 0 (0)               ; 0 (0)                     ; 0                 ; 4                   ; 0       ; 0         ; 0         ; 1         ; 0    ; 0            ; |Farrow_Canonic|lpm_mult:Mult6|mult_j2t:auto_generated                                                                                 ; mult_j2t       ; work         ;
+------------------------------------------------+---------------------+---------------------------+-------------------+---------------------+---------+-----------+-----------+-----------+------+--------------+----------------------------------------------------------------------------------------------------------------------------------------+----------------+--------------+
Note: For table entries with two numbers listed, the numbers in parentheses indicate the number of resources of the given type used by the specific entity alone. The numbers listed outside of parentheses indicate the total resources of the given type used by the specific entity and all of its sub-entities in the hierarchy.


+---------------------------------------------------------------------+
; Analysis & Synthesis DSP Block Usage Summary                        ;
+-------------------------------------------------------+-------------+
; Statistic                                             ; Number Used ;
+-------------------------------------------------------+-------------+
; Simple Multipliers (9-bit)                            ; 0           ;
; Simple Multipliers (12-bit)                           ; 0           ;
; Simple Multipliers (18-bit)                           ; 0           ;
; Simple Multipliers (36-bit)                           ; 3           ;
; Multiply Accumulators (18-bit)                        ; 0           ;
; Multiply Accumulator with Chain-out Adders (18-bit)   ; 0           ;
; Two-Multipliers Adders (18-bit)                       ; 0           ;
; Loopback Multipliers (18-bit)                         ; 0           ;
; Four-Multipliers Adders (18-bit)                      ; 0           ;
; Four-Multipliers Adder with Chain-out Adders (18-bit) ; 0           ;
; Shift DSP Blocks (32-bit)                             ; 0           ;
; Double DSP Blocks                                     ; 0           ;
; DSP Blocks                                            ; --          ;
; DSP Block 18-bit Elements                             ; 12          ;
; Signed Multipliers                                    ; 3           ;
; Unsigned Multipliers                                  ; 0           ;
; Mixed Sign Multipliers                                ; 0           ;
; Variable Sign Multipliers                             ; 0           ;
; Dedicated Shift Register Chains                       ; 0           ;
; Dedicated Output Adder Chains                         ; 0           ;
+-------------------------------------------------------+-------------+
Note: number of DSP Blocks used is only available after a successful fit.


+-----------------------------------------------------------------------+
; Registers Removed During Synthesis                                    ;
+----------------------------------------+------------------------------+
; Register name                          ; Reason for Removal           ;
+----------------------------------------+------------------------------+
; Delay4_out1[15]                        ; Merged with Delay10_out1[15] ;
; Delay4_out1[14]                        ; Merged with Delay10_out1[14] ;
; Delay4_out1[13]                        ; Merged with Delay10_out1[13] ;
; Delay4_out1[12]                        ; Merged with Delay10_out1[12] ;
; Delay4_out1[11]                        ; Merged with Delay10_out1[11] ;
; Delay4_out1[10]                        ; Merged with Delay10_out1[10] ;
; Delay4_out1[9]                         ; Merged with Delay10_out1[9]  ;
; Delay4_out1[8]                         ; Merged with Delay10_out1[8]  ;
; Delay4_out1[7]                         ; Merged with Delay10_out1[7]  ;
; Delay4_out1[6]                         ; Merged with Delay10_out1[6]  ;
; Delay4_out1[5]                         ; Merged with Delay10_out1[5]  ;
; Delay4_out1[4]                         ; Merged with Delay10_out1[4]  ;
; Delay4_out1[3]                         ; Merged with Delay10_out1[3]  ;
; Delay4_out1[2]                         ; Merged with Delay10_out1[2]  ;
; Delay4_out1[1]                         ; Merged with Delay10_out1[1]  ;
; Delay4_out1[0]                         ; Merged with Delay10_out1[0]  ;
; Total Number of Removed Registers = 16 ;                              ;
+----------------------------------------+------------------------------+


+------------------------------------------------------+
; General Register Statistics                          ;
+----------------------------------------------+-------+
; Statistic                                    ; Value ;
+----------------------------------------------+-------+
; Total registers                              ; 92    ;
; Number of registers using Synchronous Clear  ; 92    ;
; Number of registers using Synchronous Load   ; 0     ;
; Number of registers using Asynchronous Clear ; 0     ;
; Number of registers using Asynchronous Load  ; 0     ;
; Number of registers using Clock Enable       ; 92    ;
; Number of registers using Preset             ; 0     ;
+----------------------------------------------+-------+


+------------------------------------------------------------------------------------------------------------------------------------------------+
; Multiplexer Restructuring Statistics (Restructuring Performed)                                                                                 ;
+--------------------+-----------+---------------+----------------------+------------------------+------------+----------------------------------+
; Multiplexer Inputs ; Bus Width ; Baseline Area ; Area if Restructured ; Saving if Restructured ; Registered ; Example Multiplexer Output       ;
+--------------------+-----------+---------------+----------------------+------------------------+------------+----------------------------------+
; 3:1                ; 48 bits   ; 96 ALUTs      ; 0 ALUTs              ; 96 ALUTs               ; Yes        ; |Farrow_Canonic|Delay1_out1[0]   ;
; 3:1                ; 44 bits   ; 88 ALUTs      ; 44 ALUTs             ; 44 ALUTs               ; Yes        ; |Farrow_Canonic|Delay14_out1[11] ;
+--------------------+-----------+---------------+----------------------+------------------------+------------+----------------------------------+


+------------------------------------------------------------------------------------+
; Parameter Settings for Inferred Entity Instance: lpm_mult:Mult3                    ;
+------------------------------------------------+-------------+---------------------+
; Parameter Name                                 ; Value       ; Type                ;
+------------------------------------------------+-------------+---------------------+
; AUTO_CARRY_CHAINS                              ; ON          ; AUTO_CARRY          ;
; IGNORE_CARRY_BUFFERS                           ; OFF         ; IGNORE_CARRY        ;
; AUTO_CASCADE_CHAINS                            ; ON          ; AUTO_CASCADE        ;
; IGNORE_CASCADE_BUFFERS                         ; OFF         ; IGNORE_CASCADE      ;
; LPM_WIDTHA                                     ; 16          ; Untyped             ;
; LPM_WIDTHB                                     ; 16          ; Untyped             ;
; LPM_WIDTHP                                     ; 32          ; Untyped             ;
; LPM_WIDTHR                                     ; 32          ; Untyped             ;
; LPM_WIDTHS                                     ; 1           ; Untyped             ;
; LPM_REPRESENTATION                             ; SIGNED      ; Untyped             ;
; LPM_PIPELINE                                   ; 0           ; Untyped             ;
; LATENCY                                        ; 0           ; Untyped             ;
; INPUT_A_IS_CONSTANT                            ; YES         ; Untyped             ;
; INPUT_B_IS_CONSTANT                            ; NO          ; Untyped             ;
; USE_EAB                                        ; OFF         ; Untyped             ;
; MAXIMIZE_SPEED                                 ; 5           ; Untyped             ;
; DEVICE_FAMILY                                  ; Arria II GX ; Untyped             ;
; CARRY_CHAIN                                    ; MANUAL      ; Untyped             ;
; APEX20K_TECHNOLOGY_MAPPER                      ; LUT         ; TECH_MAPPER_APEX20K ;
; DEDICATED_MULTIPLIER_CIRCUITRY                 ; AUTO        ; Untyped             ;
; DEDICATED_MULTIPLIER_MIN_INPUT_WIDTH_FOR_AUTO  ; 0           ; Untyped             ;
; DEDICATED_MULTIPLIER_MIN_OUTPUT_WIDTH_FOR_AUTO ; 0           ; Untyped             ;
; CBXI_PARAMETER                                 ; NOTHING     ; Untyped             ;
; INPUT_A_FIXED_VALUE                            ; Bx          ; Untyped             ;
; INPUT_B_FIXED_VALUE                            ; Bx          ; Untyped             ;
; USE_AHDL_IMPLEMENTATION                        ; OFF         ; Untyped             ;
+------------------------------------------------+-------------+---------------------+
Note: In order to hide this table in the UI and the text report file, please set the "Show Parameter Settings in Synthesis Report" option in "Analysis and Synthesis Settings -> More Settings" to "Off".


+------------------------------------------------------------------------------------+
; Parameter Settings for Inferred Entity Instance: lpm_mult:Mult2                    ;
+------------------------------------------------+-------------+---------------------+
; Parameter Name                                 ; Value       ; Type                ;
+------------------------------------------------+-------------+---------------------+
; AUTO_CARRY_CHAINS                              ; ON          ; AUTO_CARRY          ;
; IGNORE_CARRY_BUFFERS                           ; OFF         ; IGNORE_CARRY        ;
; AUTO_CASCADE_CHAINS                            ; ON          ; AUTO_CASCADE        ;
; IGNORE_CASCADE_BUFFERS                         ; OFF         ; IGNORE_CASCADE      ;
; LPM_WIDTHA                                     ; 16          ; Untyped             ;
; LPM_WIDTHB                                     ; 16          ; Untyped             ;
; LPM_WIDTHP                                     ; 32          ; Untyped             ;
; LPM_WIDTHR                                     ; 32          ; Untyped             ;
; LPM_WIDTHS                                     ; 1           ; Untyped             ;
; LPM_REPRESENTATION                             ; SIGNED      ; Untyped             ;
; LPM_PIPELINE                                   ; 0           ; Untyped             ;
; LATENCY                                        ; 0           ; Untyped             ;
; INPUT_A_IS_CONSTANT                            ; YES         ; Untyped             ;
; INPUT_B_IS_CONSTANT                            ; NO          ; Untyped             ;
; USE_EAB                                        ; OFF         ; Untyped             ;
; MAXIMIZE_SPEED                                 ; 5           ; Untyped             ;
; DEVICE_FAMILY                                  ; Arria II GX ; Untyped             ;
; CARRY_CHAIN                                    ; MANUAL      ; Untyped             ;
; APEX20K_TECHNOLOGY_MAPPER                      ; LUT         ; TECH_MAPPER_APEX20K ;
; DEDICATED_MULTIPLIER_CIRCUITRY                 ; AUTO        ; Untyped             ;
; DEDICATED_MULTIPLIER_MIN_INPUT_WIDTH_FOR_AUTO  ; 0           ; Untyped             ;
; DEDICATED_MULTIPLIER_MIN_OUTPUT_WIDTH_FOR_AUTO ; 0           ; Untyped             ;
; CBXI_PARAMETER                                 ; NOTHING     ; Untyped             ;
; INPUT_A_FIXED_VALUE                            ; Bx          ; Untyped             ;
; INPUT_B_FIXED_VALUE                            ; Bx          ; Untyped             ;
; USE_AHDL_IMPLEMENTATION                        ; OFF         ; Untyped             ;
+------------------------------------------------+-------------+---------------------+
Note: In order to hide this table in the UI and the text report file, please set the "Show Parameter Settings in Synthesis Report" option in "Analysis and Synthesis Settings -> More Settings" to "Off".


+------------------------------------------------------------------------------------+
; Parameter Settings for Inferred Entity Instance: lpm_mult:Mult4                    ;
+------------------------------------------------+-------------+---------------------+
; Parameter Name                                 ; Value       ; Type                ;
+------------------------------------------------+-------------+---------------------+
; AUTO_CARRY_CHAINS                              ; ON          ; AUTO_CARRY          ;
; IGNORE_CARRY_BUFFERS                           ; OFF         ; IGNORE_CARRY        ;
; AUTO_CASCADE_CHAINS                            ; ON          ; AUTO_CASCADE        ;
; IGNORE_CASCADE_BUFFERS                         ; OFF         ; IGNORE_CASCADE      ;
; LPM_WIDTHA                                     ; 24          ; Untyped             ;
; LPM_WIDTHB                                     ; 13          ; Untyped             ;
; LPM_WIDTHP                                     ; 37          ; Untyped             ;
; LPM_WIDTHR                                     ; 37          ; Untyped             ;
; LPM_WIDTHS                                     ; 1           ; Untyped             ;
; LPM_REPRESENTATION                             ; SIGNED      ; Untyped             ;
; LPM_PIPELINE                                   ; 0           ; Untyped             ;
; LATENCY                                        ; 0           ; Untyped             ;
; INPUT_A_IS_CONSTANT                            ; NO          ; Untyped             ;
; INPUT_B_IS_CONSTANT                            ; NO          ; Untyped             ;
; USE_EAB                                        ; OFF         ; Untyped             ;
; MAXIMIZE_SPEED                                 ; 5           ; Untyped             ;
; DEVICE_FAMILY                                  ; Arria II GX ; Untyped             ;
; CARRY_CHAIN                                    ; MANUAL      ; Untyped             ;
; APEX20K_TECHNOLOGY_MAPPER                      ; LUT         ; TECH_MAPPER_APEX20K ;
; DEDICATED_MULTIPLIER_CIRCUITRY                 ; AUTO        ; Untyped             ;
; DEDICATED_MULTIPLIER_MIN_INPUT_WIDTH_FOR_AUTO  ; 0           ; Untyped             ;
; DEDICATED_MULTIPLIER_MIN_OUTPUT_WIDTH_FOR_AUTO ; 0           ; Untyped             ;
; CBXI_PARAMETER                                 ; mult_j2t    ; Untyped             ;
; INPUT_A_FIXED_VALUE                            ; Bx          ; Untyped             ;
; INPUT_B_FIXED_VALUE                            ; Bx          ; Untyped             ;
; USE_AHDL_IMPLEMENTATION                        ; OFF         ; Untyped             ;
+------------------------------------------------+-------------+---------------------+
Note: In order to hide this table in the UI and the text report file, please set the "Show Parameter Settings in Synthesis Report" option in "Analysis and Synthesis Settings -> More Settings" to "Off".


+------------------------------------------------------------------------------------+
; Parameter Settings for Inferred Entity Instance: lpm_mult:Mult5                    ;
+------------------------------------------------+-------------+---------------------+
; Parameter Name                                 ; Value       ; Type                ;
+------------------------------------------------+-------------+---------------------+
; AUTO_CARRY_CHAINS                              ; ON          ; AUTO_CARRY          ;
; IGNORE_CARRY_BUFFERS                           ; OFF         ; IGNORE_CARRY        ;
; AUTO_CASCADE_CHAINS                            ; ON          ; AUTO_CASCADE        ;
; IGNORE_CASCADE_BUFFERS                         ; OFF         ; IGNORE_CASCADE      ;
; LPM_WIDTHA                                     ; 24          ; Untyped             ;
; LPM_WIDTHB                                     ; 13          ; Untyped             ;
; LPM_WIDTHP                                     ; 37          ; Untyped             ;
; LPM_WIDTHR                                     ; 37          ; Untyped             ;
; LPM_WIDTHS                                     ; 1           ; Untyped             ;
; LPM_REPRESENTATION                             ; SIGNED      ; Untyped             ;
; LPM_PIPELINE                                   ; 0           ; Untyped             ;
; LATENCY                                        ; 0           ; Untyped             ;
; INPUT_A_IS_CONSTANT                            ; NO          ; Untyped             ;
; INPUT_B_IS_CONSTANT                            ; NO          ; Untyped             ;
; USE_EAB                                        ; OFF         ; Untyped             ;
; MAXIMIZE_SPEED                                 ; 5           ; Untyped             ;
; DEVICE_FAMILY                                  ; Arria II GX ; Untyped             ;
; CARRY_CHAIN                                    ; MANUAL      ; Untyped             ;
; APEX20K_TECHNOLOGY_MAPPER                      ; LUT         ; TECH_MAPPER_APEX20K ;
; DEDICATED_MULTIPLIER_CIRCUITRY                 ; AUTO        ; Untyped             ;
; DEDICATED_MULTIPLIER_MIN_INPUT_WIDTH_FOR_AUTO  ; 0           ; Untyped             ;
; DEDICATED_MULTIPLIER_MIN_OUTPUT_WIDTH_FOR_AUTO ; 0           ; Untyped             ;
; CBXI_PARAMETER                                 ; mult_j2t    ; Untyped             ;
; INPUT_A_FIXED_VALUE                            ; Bx          ; Untyped             ;
; INPUT_B_FIXED_VALUE                            ; Bx          ; Untyped             ;
; USE_AHDL_IMPLEMENTATION                        ; OFF         ; Untyped             ;
+------------------------------------------------+-------------+---------------------+
Note: In order to hide this table in the UI and the text report file, please set the "Show Parameter Settings in Synthesis Report" option in "Analysis and Synthesis Settings -> More Settings" to "Off".


+------------------------------------------------------------------------------------+
; Parameter Settings for Inferred Entity Instance: lpm_mult:Mult0                    ;
+------------------------------------------------+-------------+---------------------+
; Parameter Name                                 ; Value       ; Type                ;
+------------------------------------------------+-------------+---------------------+
; AUTO_CARRY_CHAINS                              ; ON          ; AUTO_CARRY          ;
; IGNORE_CARRY_BUFFERS                           ; OFF         ; IGNORE_CARRY        ;
; AUTO_CASCADE_CHAINS                            ; ON          ; AUTO_CASCADE        ;
; IGNORE_CASCADE_BUFFERS                         ; OFF         ; IGNORE_CASCADE      ;
; LPM_WIDTHA                                     ; 16          ; Untyped             ;
; LPM_WIDTHB                                     ; 16          ; Untyped             ;
; LPM_WIDTHP                                     ; 32          ; Untyped             ;
; LPM_WIDTHR                                     ; 32          ; Untyped             ;
; LPM_WIDTHS                                     ; 1           ; Untyped             ;
; LPM_REPRESENTATION                             ; SIGNED      ; Untyped             ;
; LPM_PIPELINE                                   ; 0           ; Untyped             ;
; LATENCY                                        ; 0           ; Untyped             ;
; INPUT_A_IS_CONSTANT                            ; YES         ; Untyped             ;
; INPUT_B_IS_CONSTANT                            ; NO          ; Untyped             ;
; USE_EAB                                        ; OFF         ; Untyped             ;
; MAXIMIZE_SPEED                                 ; 5           ; Untyped             ;
; DEVICE_FAMILY                                  ; Arria II GX ; Untyped             ;
; CARRY_CHAIN                                    ; MANUAL      ; Untyped             ;
; APEX20K_TECHNOLOGY_MAPPER                      ; LUT         ; TECH_MAPPER_APEX20K ;
; DEDICATED_MULTIPLIER_CIRCUITRY                 ; AUTO        ; Untyped             ;
; DEDICATED_MULTIPLIER_MIN_INPUT_WIDTH_FOR_AUTO  ; 0           ; Untyped             ;
; DEDICATED_MULTIPLIER_MIN_OUTPUT_WIDTH_FOR_AUTO ; 0           ; Untyped             ;
; CBXI_PARAMETER                                 ; NOTHING     ; Untyped             ;
; INPUT_A_FIXED_VALUE                            ; Bx          ; Untyped             ;
; INPUT_B_FIXED_VALUE                            ; Bx          ; Untyped             ;
; USE_AHDL_IMPLEMENTATION                        ; OFF         ; Untyped             ;
+------------------------------------------------+-------------+---------------------+
Note: In order to hide this table in the UI and the text report file, please set the "Show Parameter Settings in Synthesis Report" option in "Analysis and Synthesis Settings -> More Settings" to "Off".


+------------------------------------------------------------------------------------+
; Parameter Settings for Inferred Entity Instance: lpm_mult:Mult6                    ;
+------------------------------------------------+-------------+---------------------+
; Parameter Name                                 ; Value       ; Type                ;
+------------------------------------------------+-------------+---------------------+
; AUTO_CARRY_CHAINS                              ; ON          ; AUTO_CARRY          ;
; IGNORE_CARRY_BUFFERS                           ; OFF         ; IGNORE_CARRY        ;
; AUTO_CASCADE_CHAINS                            ; ON          ; AUTO_CASCADE        ;
; IGNORE_CASCADE_BUFFERS                         ; OFF         ; IGNORE_CASCADE      ;
; LPM_WIDTHA                                     ; 24          ; Untyped             ;
; LPM_WIDTHB                                     ; 13          ; Untyped             ;
; LPM_WIDTHP                                     ; 37          ; Untyped             ;
; LPM_WIDTHR                                     ; 37          ; Untyped             ;
; LPM_WIDTHS                                     ; 1           ; Untyped             ;
; LPM_REPRESENTATION                             ; SIGNED      ; Untyped             ;
; LPM_PIPELINE                                   ; 0           ; Untyped             ;
; LATENCY                                        ; 0           ; Untyped             ;
; INPUT_A_IS_CONSTANT                            ; NO          ; Untyped             ;
; INPUT_B_IS_CONSTANT                            ; NO          ; Untyped             ;
; USE_EAB                                        ; OFF         ; Untyped             ;
; MAXIMIZE_SPEED                                 ; 5           ; Untyped             ;
; DEVICE_FAMILY                                  ; Arria II GX ; Untyped             ;
; CARRY_CHAIN                                    ; MANUAL      ; Untyped             ;
; APEX20K_TECHNOLOGY_MAPPER                      ; LUT         ; TECH_MAPPER_APEX20K ;
; DEDICATED_MULTIPLIER_CIRCUITRY                 ; AUTO        ; Untyped             ;
; DEDICATED_MULTIPLIER_MIN_INPUT_WIDTH_FOR_AUTO  ; 0           ; Untyped             ;
; DEDICATED_MULTIPLIER_MIN_OUTPUT_WIDTH_FOR_AUTO ; 0           ; Untyped             ;
; CBXI_PARAMETER                                 ; mult_j2t    ; Untyped             ;
; INPUT_A_FIXED_VALUE                            ; Bx          ; Untyped             ;
; INPUT_B_FIXED_VALUE                            ; Bx          ; Untyped             ;
; USE_AHDL_IMPLEMENTATION                        ; OFF         ; Untyped             ;
+------------------------------------------------+-------------+---------------------+
Note: In order to hide this table in the UI and the text report file, please set the "Show Parameter Settings in Synthesis Report" option in "Analysis and Synthesis Settings -> More Settings" to "Off".


+--------------------------------------------------------+
; lpm_mult Parameter Settings by Entity Instance         ;
+---------------------------------------+----------------+
; Name                                  ; Value          ;
+---------------------------------------+----------------+
; Number of entity instances            ; 6              ;
; Entity Instance                       ; lpm_mult:Mult3 ;
;     -- LPM_WIDTHA                     ; 16             ;
;     -- LPM_WIDTHB                     ; 16             ;
;     -- LPM_WIDTHP                     ; 32             ;
;     -- LPM_REPRESENTATION             ; SIGNED         ;
;     -- INPUT_A_IS_CONSTANT            ; YES            ;
;     -- INPUT_B_IS_CONSTANT            ; NO             ;
;     -- USE_EAB                        ; OFF            ;
;     -- DEDICATED_MULTIPLIER_CIRCUITRY ; AUTO           ;
;     -- INPUT_A_FIXED_VALUE            ; Bx             ;
;     -- INPUT_B_FIXED_VALUE            ; Bx             ;
; Entity Instance                       ; lpm_mult:Mult2 ;
;     -- LPM_WIDTHA                     ; 16             ;
;     -- LPM_WIDTHB                     ; 16             ;
;     -- LPM_WIDTHP                     ; 32             ;
;     -- LPM_REPRESENTATION             ; SIGNED         ;
;     -- INPUT_A_IS_CONSTANT            ; YES            ;
;     -- INPUT_B_IS_CONSTANT            ; NO             ;
;     -- USE_EAB                        ; OFF            ;
;     -- DEDICATED_MULTIPLIER_CIRCUITRY ; AUTO           ;
;     -- INPUT_A_FIXED_VALUE            ; Bx             ;
;     -- INPUT_B_FIXED_VALUE            ; Bx             ;
; Entity Instance                       ; lpm_mult:Mult4 ;
;     -- LPM_WIDTHA                     ; 24             ;
;     -- LPM_WIDTHB                     ; 13             ;
;     -- LPM_WIDTHP                     ; 37             ;
;     -- LPM_REPRESENTATION             ; SIGNED         ;
;     -- INPUT_A_IS_CONSTANT            ; NO             ;
;     -- INPUT_B_IS_CONSTANT            ; NO             ;
;     -- USE_EAB                        ; OFF            ;
;     -- DEDICATED_MULTIPLIER_CIRCUITRY ; AUTO           ;
;     -- INPUT_A_FIXED_VALUE            ; Bx             ;
;     -- INPUT_B_FIXED_VALUE            ; Bx             ;
; Entity Instance                       ; lpm_mult:Mult5 ;
;     -- LPM_WIDTHA                     ; 24             ;
;     -- LPM_WIDTHB                     ; 13             ;
;     -- LPM_WIDTHP                     ; 37             ;
;     -- LPM_REPRESENTATION             ; SIGNED         ;
;     -- INPUT_A_IS_CONSTANT            ; NO             ;
;     -- INPUT_B_IS_CONSTANT            ; NO             ;
;     -- USE_EAB                        ; OFF            ;
;     -- DEDICATED_MULTIPLIER_CIRCUITRY ; AUTO           ;
;     -- INPUT_A_FIXED_VALUE            ; Bx             ;
;     -- INPUT_B_FIXED_VALUE            ; Bx             ;
; Entity Instance                       ; lpm_mult:Mult0 ;
;     -- LPM_WIDTHA                     ; 16             ;
;     -- LPM_WIDTHB                     ; 16             ;
;     -- LPM_WIDTHP                     ; 32             ;
;     -- LPM_REPRESENTATION             ; SIGNED         ;
;     -- INPUT_A_IS_CONSTANT            ; YES            ;
;     -- INPUT_B_IS_CONSTANT            ; NO             ;
;     -- USE_EAB                        ; OFF            ;
;     -- DEDICATED_MULTIPLIER_CIRCUITRY ; AUTO           ;
;     -- INPUT_A_FIXED_VALUE            ; Bx             ;
;     -- INPUT_B_FIXED_VALUE            ; Bx             ;
; Entity Instance                       ; lpm_mult:Mult6 ;
;     -- LPM_WIDTHA                     ; 24             ;
;     -- LPM_WIDTHB                     ; 13             ;
;     -- LPM_WIDTHP                     ; 37             ;
;     -- LPM_REPRESENTATION             ; SIGNED         ;
;     -- INPUT_A_IS_CONSTANT            ; NO             ;
;     -- INPUT_B_IS_CONSTANT            ; NO             ;
;     -- USE_EAB                        ; OFF            ;
;     -- DEDICATED_MULTIPLIER_CIRCUITRY ; AUTO           ;
;     -- INPUT_A_FIXED_VALUE            ; Bx             ;
;     -- INPUT_B_FIXED_VALUE            ; Bx             ;
+---------------------------------------+----------------+


+-----------------------------------------------------+
; Post-Synthesis Netlist Statistics for Top Partition ;
+-----------------------+-----------------------------+
; Type                  ; Count                       ;
+-----------------------+-----------------------------+
; arriaii_ff            ; 92                          ;
;     ENA SCLR          ; 92                          ;
; boundary_port         ; 48                          ;
; stratixiv_lcell_comb  ; 724                         ;
;     arith             ; 561                         ;
;         0 data inputs ; 1                           ;
;         1 data inputs ; 247                         ;
;         2 data inputs ; 302                         ;
;         3 data inputs ; 11                          ;
;     normal            ; 103                         ;
;         2 data inputs ; 10                          ;
;         3 data inputs ; 6                           ;
;         4 data inputs ; 79                          ;
;         5 data inputs ; 7                           ;
;         6 data inputs ; 1                           ;
;     shared            ; 60                          ;
;         0 data inputs ; 1                           ;
;         2 data inputs ; 16                          ;
;         3 data inputs ; 42                          ;
;         4 data inputs ; 1                           ;
; stratixiv_mac_mult    ; 12                          ;
; stratixiv_mac_out     ; 3                           ;
;                       ;                             ;
; Max LUT depth         ; 14.00                       ;
; Average LUT depth     ; 7.46                        ;
+-----------------------+-----------------------------+


+-------------------------------+
; Elapsed Time Per Partition    ;
+----------------+--------------+
; Partition Name ; Elapsed Time ;
+----------------+--------------+
; Top            ; 00:00:01     ;
+----------------+--------------+


+-------------------------------+
; Analysis & Synthesis Messages ;
+-------------------------------+
Info: *******************************************************************
Info: Running Quartus Prime Analysis & Synthesis
    Info: Version 20.1.0 Build 711 06/05/2020 SJ Lite Edition
    Info: Processing started: Wed Apr 24 13:54:03 2024
Info: Command: quartus_map --read_settings_files=on --write_settings_files=off Farrow_Canonic -c Farrow_Canonic
Warning (18236): Number of processors has not been specified which may cause overloading on shared machines.  Set the global assignment NUM_PARALLEL_PROCESSORS in your QSF to an appropriate value for best performance.
Info (20030): Parallel compilation is enabled and will use 4 of the 4 processors detected
Info (12021): Found 1 design units, including 1 entities, in source file farrow_canonic_tb.sv
    Info (12023): Found entity 1: Farrow_Canonic_tb File: C:/Users/duong/Desktop/UCSD/Grad/Spring 2024/ECE 260C/Lab2/hdl_gen/Farrow_Canonic_tb.sv Line: 36
Info (12021): Found 1 design units, including 1 entities, in source file farrow_canonic.sv
    Info (12023): Found entity 1: Farrow_Canonic File: C:/Users/duong/Desktop/UCSD/Grad/Spring 2024/ECE 260C/Lab2/hdl_gen/Farrow_Canonic.sv Line: 31
Info (12127): Elaborating entity "Farrow_Canonic" for the top level hierarchy
Info (278001): Inferred 6 megafunctions from design logic
    Info (278003): Inferred multiplier megafunction ("lpm_mult") from the following logic: "Mult3" File: C:/Users/duong/Desktop/UCSD/Grad/Spring 2024/ECE 260C/Lab2/hdl_gen/Farrow_Canonic.sv Line: 232
    Info (278003): Inferred multiplier megafunction ("lpm_mult") from the following logic: "Mult2" File: C:/Users/duong/Desktop/UCSD/Grad/Spring 2024/ECE 260C/Lab2/hdl_gen/Farrow_Canonic.sv Line: 222
    Info (278003): Inferred multiplier megafunction ("lpm_mult") from the following logic: "Mult4" File: C:/Users/duong/Desktop/UCSD/Grad/Spring 2024/ECE 260C/Lab2/hdl_gen/Farrow_Canonic.sv Line: 271
    Info (278003): Inferred multiplier megafunction ("lpm_mult") from the following logic: "Mult5" File: C:/Users/duong/Desktop/UCSD/Grad/Spring 2024/ECE 260C/Lab2/hdl_gen/Farrow_Canonic.sv Line: 285
    Info (278003): Inferred multiplier megafunction ("lpm_mult") from the following logic: "Mult0" File: C:/Users/duong/Desktop/UCSD/Grad/Spring 2024/ECE 260C/Lab2/hdl_gen/Farrow_Canonic.sv Line: 167
    Info (278003): Inferred multiplier megafunction ("lpm_mult") from the following logic: "Mult6" File: C:/Users/duong/Desktop/UCSD/Grad/Spring 2024/ECE 260C/Lab2/hdl_gen/Farrow_Canonic.sv Line: 296
Info (12130): Elaborated megafunction instantiation "lpm_mult:Mult3" File: C:/Users/duong/Desktop/UCSD/Grad/Spring 2024/ECE 260C/Lab2/hdl_gen/Farrow_Canonic.sv Line: 232
Info (12133): Instantiated megafunction "lpm_mult:Mult3" with the following parameter: File: C:/Users/duong/Desktop/UCSD/Grad/Spring 2024/ECE 260C/Lab2/hdl_gen/Farrow_Canonic.sv Line: 232
    Info (12134): Parameter "LPM_WIDTHA" = "16"
    Info (12134): Parameter "LPM_WIDTHB" = "16"
    Info (12134): Parameter "LPM_WIDTHP" = "32"
    Info (12134): Parameter "LPM_WIDTHR" = "32"
    Info (12134): Parameter "LPM_WIDTHS" = "1"
    Info (12134): Parameter "LPM_REPRESENTATION" = "SIGNED"
    Info (12134): Parameter "INPUT_A_IS_CONSTANT" = "YES"
    Info (12134): Parameter "INPUT_B_IS_CONSTANT" = "NO"
    Info (12134): Parameter "MAXIMIZE_SPEED" = "5"
Info (12131): Elaborated megafunction instantiation "lpm_mult:Mult3|multcore:mult_core", which is child of megafunction instantiation "lpm_mult:Mult3" File: c:/intelfpga_lite/20.1/quartus/libraries/megafunctions/lpm_mult.tdf Line: 309
Info (12131): Elaborated megafunction instantiation "lpm_mult:Mult3|multcore:mult_core|mpar_add:padder", which is child of megafunction instantiation "lpm_mult:Mult3" File: c:/intelfpga_lite/20.1/quartus/libraries/megafunctions/multcore.tdf Line: 229
Info (12131): Elaborated megafunction instantiation "lpm_mult:Mult3|multcore:mult_core|mpar_add:padder|lpm_add_sub:adder[1]", which is child of megafunction instantiation "lpm_mult:Mult3" File: c:/intelfpga_lite/20.1/quartus/libraries/megafunctions/mpar_add.tdf Line: 115
Info (12021): Found 1 design units, including 1 entities, in source file db/add_sub_qgh.tdf
    Info (12023): Found entity 1: add_sub_qgh File: C:/Users/duong/Desktop/UCSD/Grad/Spring 2024/ECE 260C/Lab2/hdl_gen/db/add_sub_qgh.tdf Line: 23
Info (12131): Elaborated megafunction instantiation "lpm_mult:Mult3|multcore:mult_core|mpar_add:padder|lpm_add_sub:adder[0]", which is child of megafunction instantiation "lpm_mult:Mult3" File: c:/intelfpga_lite/20.1/quartus/libraries/megafunctions/mpar_add.tdf Line: 115
Info (12021): Found 1 design units, including 1 entities, in source file db/add_sub_06h.tdf
    Info (12023): Found entity 1: add_sub_06h File: C:/Users/duong/Desktop/UCSD/Grad/Spring 2024/ECE 260C/Lab2/hdl_gen/db/add_sub_06h.tdf Line: 23
Info (12131): Elaborated megafunction instantiation "lpm_mult:Mult3|multcore:mult_core|mpar_add:padder|mpar_add:sub_par_add", which is child of megafunction instantiation "lpm_mult:Mult3" File: c:/intelfpga_lite/20.1/quartus/libraries/megafunctions/mpar_add.tdf Line: 138
Info (12131): Elaborated megafunction instantiation "lpm_mult:Mult3|multcore:mult_core|mpar_add:padder|mpar_add:sub_par_add|lpm_add_sub:adder[0]", which is child of megafunction instantiation "lpm_mult:Mult3" File: c:/intelfpga_lite/20.1/quartus/libraries/megafunctions/mpar_add.tdf Line: 115
Info (12021): Found 1 design units, including 1 entities, in source file db/add_sub_ugh.tdf
    Info (12023): Found entity 1: add_sub_ugh File: C:/Users/duong/Desktop/UCSD/Grad/Spring 2024/ECE 260C/Lab2/hdl_gen/db/add_sub_ugh.tdf Line: 23
Info (12131): Elaborated megafunction instantiation "lpm_mult:Mult3|altshift:external_latency_ffs", which is child of megafunction instantiation "lpm_mult:Mult3" File: c:/intelfpga_lite/20.1/quartus/libraries/megafunctions/lpm_mult.tdf Line: 352
Info (12130): Elaborated megafunction instantiation "lpm_mult:Mult2" File: C:/Users/duong/Desktop/UCSD/Grad/Spring 2024/ECE 260C/Lab2/hdl_gen/Farrow_Canonic.sv Line: 222
Info (12133): Instantiated megafunction "lpm_mult:Mult2" with the following parameter: File: C:/Users/duong/Desktop/UCSD/Grad/Spring 2024/ECE 260C/Lab2/hdl_gen/Farrow_Canonic.sv Line: 222
    Info (12134): Parameter "LPM_WIDTHA" = "16"
    Info (12134): Parameter "LPM_WIDTHB" = "16"
    Info (12134): Parameter "LPM_WIDTHP" = "32"
    Info (12134): Parameter "LPM_WIDTHR" = "32"
    Info (12134): Parameter "LPM_WIDTHS" = "1"
    Info (12134): Parameter "LPM_REPRESENTATION" = "SIGNED"
    Info (12134): Parameter "INPUT_A_IS_CONSTANT" = "YES"
    Info (12134): Parameter "INPUT_B_IS_CONSTANT" = "NO"
    Info (12134): Parameter "MAXIMIZE_SPEED" = "5"
Info (12130): Elaborated megafunction instantiation "lpm_mult:Mult4" File: C:/Users/duong/Desktop/UCSD/Grad/Spring 2024/ECE 260C/Lab2/hdl_gen/Farrow_Canonic.sv Line: 271
Info (12133): Instantiated megafunction "lpm_mult:Mult4" with the following parameter: File: C:/Users/duong/Desktop/UCSD/Grad/Spring 2024/ECE 260C/Lab2/hdl_gen/Farrow_Canonic.sv Line: 271
    Info (12134): Parameter "LPM_WIDTHA" = "24"
    Info (12134): Parameter "LPM_WIDTHB" = "13"
    Info (12134): Parameter "LPM_WIDTHP" = "37"
    Info (12134): Parameter "LPM_WIDTHR" = "37"
    Info (12134): Parameter "LPM_WIDTHS" = "1"
    Info (12134): Parameter "LPM_REPRESENTATION" = "SIGNED"
    Info (12134): Parameter "INPUT_A_IS_CONSTANT" = "NO"
    Info (12134): Parameter "INPUT_B_IS_CONSTANT" = "NO"
    Info (12134): Parameter "MAXIMIZE_SPEED" = "5"
Info (12021): Found 1 design units, including 1 entities, in source file db/mult_j2t.tdf
    Info (12023): Found entity 1: mult_j2t File: C:/Users/duong/Desktop/UCSD/Grad/Spring 2024/ECE 260C/Lab2/hdl_gen/db/mult_j2t.tdf Line: 29
Info (12130): Elaborated megafunction instantiation "lpm_mult:Mult6" File: C:/Users/duong/Desktop/UCSD/Grad/Spring 2024/ECE 260C/Lab2/hdl_gen/Farrow_Canonic.sv Line: 296
Info (12133): Instantiated megafunction "lpm_mult:Mult6" with the following parameter: File: C:/Users/duong/Desktop/UCSD/Grad/Spring 2024/ECE 260C/Lab2/hdl_gen/Farrow_Canonic.sv Line: 296
    Info (12134): Parameter "LPM_WIDTHA" = "24"
    Info (12134): Parameter "LPM_WIDTHB" = "13"
    Info (12134): Parameter "LPM_WIDTHP" = "37"
    Info (12134): Parameter "LPM_WIDTHR" = "37"
    Info (12134): Parameter "LPM_WIDTHS" = "1"
    Info (12134): Parameter "LPM_REPRESENTATION" = "SIGNED"
    Info (12134): Parameter "INPUT_A_IS_CONSTANT" = "NO"
    Info (12134): Parameter "INPUT_B_IS_CONSTANT" = "NO"
    Info (12134): Parameter "MAXIMIZE_SPEED" = "5"
Info (286030): Timing-Driven Synthesis is running
Info (144001): Generated suppressed messages file C:/Users/duong/Desktop/UCSD/Grad/Spring 2024/ECE 260C/Lab2/hdl_gen/output_files/Farrow_Canonic.map.smsg
Info (16010): Generating hard_block partition "hard_block:auto_generated_inst"
    Info (16011): Adding 0 node(s), including 0 DDIO, 0 PLL, 0 transceiver and 0 LCELL
Info (21057): Implemented 860 device resources after synthesis - the final resource count might be different
    Info (21058): Implemented 31 input pins
    Info (21059): Implemented 17 output pins
    Info (21061): Implemented 800 logic cells
    Info (21062): Implemented 12 DSP elements
Info: Quartus Prime Analysis & Synthesis was successful. 0 errors, 1 warning
    Info: Peak virtual memory: 4856 megabytes
    Info: Processing ended: Wed Apr 24 13:54:17 2024
    Info: Elapsed time: 00:00:14
    Info: Total CPU time (on all processors): 00:00:12


+------------------------------------------+
; Analysis & Synthesis Suppressed Messages ;
+------------------------------------------+
The suppressed messages can be found in C:/Users/duong/Desktop/UCSD/Grad/Spring 2024/ECE 260C/Lab2/hdl_gen/output_files/Farrow_Canonic.map.smsg.


